<?xml version="1.0" encoding="UTF-8"?>
<!-- Generated by org.testng.reporters.JUnitXMLReporter -->
<testsuite ignored="0" hostname="MSI" failures="1" tests="1" name="LogIn" time="91.127" errors="0" timestamp="2020-08-30T12:58:15 IST">
  <testcase classname="com.EaseMyTrip.test.AccountTest" name="createAccount" time="76.123">
    <failure type="java.lang.AssertionError">
      <![CDATA[java.lang.AssertionError
at org.junit.Assert.fail(Assert.java:86)
at org.junit.Assert.assertTrue(Assert.java:41)
at org.junit.Assert.assertTrue(Assert.java:52)
at com.EaseMyTrip.test.AccountTest.createAccount(AccountTest.java:96)
at java.base/java.util.ArrayList.forEach(ArrayList.java:1540)
... Removed 31 stack frames]]>
    </failure>
  </testcase> <!-- createAccount -->
</testsuite> <!-- LogIn -->
