<?xml version="1.0" encoding="UTF-8"?>
<!-- Generated by org.testng.reporters.JUnitXMLReporter -->
<testsuite ignored="0" hostname="MSI" failures="0" tests="7" name="LogIn" time="30.939" errors="0" timestamp="2020-09-02T09:43:24 IST">
  <testcase classname="com.EaseMyTrip.test.FlightTest" name="searchFlightTest" time="2.396"/>
  <testcase classname="com.EaseMyTrip.test.FlightTest" name="searchFlightTest" time="2.959"/>
  <testcase classname="com.EaseMyTrip.test.FlightTest" name="searchFlightTest" time="2.917"/>
  <testcase classname="com.EaseMyTrip.test.FlightTest" name="searchFlightTest" time="2.971"/>
  <testcase classname="com.EaseMyTrip.test.FlightTest" name="searchFlightTest" time="3.25"/>
  <testcase classname="com.EaseMyTrip.test.FlightTest" name="searchFlightTest" time="2.949"/>
  <testcase classname="com.EaseMyTrip.test.FlightTest" name="searchFlightTest" time="2.944"/>
</testsuite> <!-- LogIn -->
