<?xml version="1.0" encoding="UTF-8"?>
<testng-results ignored="0" total="7" passed="7" failed="0" skipped="0">
  <reporter-output>
  </reporter-output>
  <suite started-at="2020-09-02T09:42:53 IST" name="Suite" finished-at="2020-09-02T09:43:24 IST" duration-ms="30939">
    <groups>
    </groups>
    <test started-at="2020-09-02T09:42:53 IST" name="LogIn" finished-at="2020-09-02T09:43:24 IST" duration-ms="30939">
      <class name="com.EaseMyTrip.test.FlightTest">
        <test-method is-config="true" signature="openSkyScanner()[pri:0, instance:com.EaseMyTrip.test.FlightTest@66c61024]" started-at="2020-09-02T09:42:53 IST" name="openSkyScanner" finished-at="2020-09-02T09:43:02 IST" duration-ms="9390" status="PASS">
          <reporter-output>
          </reporter-output>
        </test-method> <!-- openSkyScanner -->
        <test-method signature="searchFlightTest(java.lang.String, java.lang.String, java.lang.String, java.util.Date, java.util.Date, java.lang.String, java.lang.String)[pri:0, instance:com.EaseMyTrip.test.FlightTest@66c61024]" started-at="2020-09-02T09:43:03 IST" name="searchFlightTest" data-provider="readFlightSearchInfoExcel" finished-at="2020-09-02T09:43:05 IST" duration-ms="2396" status="PASS">
          <params>
            <param index="0">
              <value>
                <![CDATA[One Way]]>
              </value>
            </param>
            <param index="1">
              <value>
                <![CDATA[Kolkata]]>
              </value>
            </param>
            <param index="2">
              <value>
                <![CDATA[Pune]]>
              </value>
            </param>
            <param index="3">
              <value>
                <![CDATA[Tue Oct 06 00:00:00 IST 2020]]>
              </value>
            </param>
            <param index="4">
              <value>
                <![CDATA[Tue Oct 06 00:00:00 IST 2020]]>
              </value>
            </param>
            <param index="5">
              <value>
                <![CDATA[1.0]]>
              </value>
            </param>
            <param index="6">
              <value>
                <![CDATA[Economy]]>
              </value>
            </param>
          </params>
          <reporter-output>
          </reporter-output>
        </test-method> <!-- searchFlightTest -->
        <test-method signature="searchFlightTest(java.lang.String, java.lang.String, java.lang.String, java.util.Date, java.util.Date, java.lang.String, java.lang.String)[pri:0, instance:com.EaseMyTrip.test.FlightTest@66c61024]" started-at="2020-09-02T09:43:05 IST" name="searchFlightTest" data-provider="readFlightSearchInfoExcel" finished-at="2020-09-02T09:43:08 IST" duration-ms="2959" status="PASS">
          <params>
            <param index="0">
              <value>
                <![CDATA[One Way]]>
              </value>
            </param>
            <param index="1">
              <value>
                <![CDATA[Pune]]>
              </value>
            </param>
            <param index="2">
              <value>
                <![CDATA[Kolkata]]>
              </value>
            </param>
            <param index="3">
              <value>
                <![CDATA[Tue Oct 06 00:00:00 IST 2020]]>
              </value>
            </param>
            <param index="4">
              <value>
                <![CDATA[Tue Oct 06 00:00:00 IST 2020]]>
              </value>
            </param>
            <param index="5">
              <value>
                <![CDATA[1.0]]>
              </value>
            </param>
            <param index="6">
              <value>
                <![CDATA[Economy]]>
              </value>
            </param>
          </params>
          <reporter-output>
          </reporter-output>
        </test-method> <!-- searchFlightTest -->
        <test-method signature="searchFlightTest(java.lang.String, java.lang.String, java.lang.String, java.util.Date, java.util.Date, java.lang.String, java.lang.String)[pri:0, instance:com.EaseMyTrip.test.FlightTest@66c61024]" started-at="2020-09-02T09:43:08 IST" name="searchFlightTest" data-provider="readFlightSearchInfoExcel" finished-at="2020-09-02T09:43:11 IST" duration-ms="2917" status="PASS">
          <params>
            <param index="0">
              <value>
                <![CDATA[One Way]]>
              </value>
            </param>
            <param index="1">
              <value>
                <![CDATA[Delhi]]>
              </value>
            </param>
            <param index="2">
              <value>
                <![CDATA[Kota]]>
              </value>
            </param>
            <param index="3">
              <value>
                <![CDATA[Sat Nov 07 00:00:00 IST 2020]]>
              </value>
            </param>
            <param index="4">
              <value>
                <![CDATA[Sat Nov 07 00:00:00 IST 2020]]>
              </value>
            </param>
            <param index="5">
              <value>
                <![CDATA[1.0]]>
              </value>
            </param>
            <param index="6">
              <value>
                <![CDATA[Economy]]>
              </value>
            </param>
          </params>
          <reporter-output>
          </reporter-output>
        </test-method> <!-- searchFlightTest -->
        <test-method signature="searchFlightTest(java.lang.String, java.lang.String, java.lang.String, java.util.Date, java.util.Date, java.lang.String, java.lang.String)[pri:0, instance:com.EaseMyTrip.test.FlightTest@66c61024]" started-at="2020-09-02T09:43:11 IST" name="searchFlightTest" data-provider="readFlightSearchInfoExcel" finished-at="2020-09-02T09:43:14 IST" duration-ms="2971" status="PASS">
          <params>
            <param index="0">
              <value>
                <![CDATA[One Way]]>
              </value>
            </param>
            <param index="1">
              <value>
                <![CDATA[Bangalore]]>
              </value>
            </param>
            <param index="2">
              <value>
                <![CDATA[Kolkata]]>
              </value>
            </param>
            <param index="3">
              <value>
                <![CDATA[Tue Dec 08 00:00:00 IST 2020]]>
              </value>
            </param>
            <param index="4">
              <value>
                <![CDATA[Tue Dec 08 00:00:00 IST 2020]]>
              </value>
            </param>
            <param index="5">
              <value>
                <![CDATA[1.0]]>
              </value>
            </param>
            <param index="6">
              <value>
                <![CDATA[Economy]]>
              </value>
            </param>
          </params>
          <reporter-output>
          </reporter-output>
        </test-method> <!-- searchFlightTest -->
        <test-method signature="searchFlightTest(java.lang.String, java.lang.String, java.lang.String, java.util.Date, java.util.Date, java.lang.String, java.lang.String)[pri:0, instance:com.EaseMyTrip.test.FlightTest@66c61024]" started-at="2020-09-02T09:43:14 IST" name="searchFlightTest" data-provider="readFlightSearchInfoExcel" finished-at="2020-09-02T09:43:17 IST" duration-ms="3250" status="PASS">
          <params>
            <param index="0">
              <value>
                <![CDATA[One Way]]>
              </value>
            </param>
            <param index="1">
              <value>
                <![CDATA[Delhi]]>
              </value>
            </param>
            <param index="2">
              <value>
                <![CDATA[Bangalore]]>
              </value>
            </param>
            <param index="3">
              <value>
                <![CDATA[Wed Jan 20 00:00:00 IST 2021]]>
              </value>
            </param>
            <param index="4">
              <value>
                <![CDATA[Wed Jan 20 00:00:00 IST 2021]]>
              </value>
            </param>
            <param index="5">
              <value>
                <![CDATA[1.0]]>
              </value>
            </param>
            <param index="6">
              <value>
                <![CDATA[Economy]]>
              </value>
            </param>
          </params>
          <reporter-output>
          </reporter-output>
        </test-method> <!-- searchFlightTest -->
        <test-method signature="searchFlightTest(java.lang.String, java.lang.String, java.lang.String, java.util.Date, java.util.Date, java.lang.String, java.lang.String)[pri:0, instance:com.EaseMyTrip.test.FlightTest@66c61024]" started-at="2020-09-02T09:43:17 IST" name="searchFlightTest" data-provider="readFlightSearchInfoExcel" finished-at="2020-09-02T09:43:20 IST" duration-ms="2949" status="PASS">
          <params>
            <param index="0">
              <value>
                <![CDATA[One Way]]>
              </value>
            </param>
            <param index="1">
              <value>
                <![CDATA[Hyderabad]]>
              </value>
            </param>
            <param index="2">
              <value>
                <![CDATA[Ahmedabad]]>
              </value>
            </param>
            <param index="3">
              <value>
                <![CDATA[Sat Feb 20 00:00:00 IST 2021]]>
              </value>
            </param>
            <param index="4">
              <value>
                <![CDATA[Sat Feb 20 00:00:00 IST 2021]]>
              </value>
            </param>
            <param index="5">
              <value>
                <![CDATA[1.0]]>
              </value>
            </param>
            <param index="6">
              <value>
                <![CDATA[Economy]]>
              </value>
            </param>
          </params>
          <reporter-output>
          </reporter-output>
        </test-method> <!-- searchFlightTest -->
        <test-method signature="searchFlightTest(java.lang.String, java.lang.String, java.lang.String, java.util.Date, java.util.Date, java.lang.String, java.lang.String)[pri:0, instance:com.EaseMyTrip.test.FlightTest@66c61024]" started-at="2020-09-02T09:43:20 IST" name="searchFlightTest" data-provider="readFlightSearchInfoExcel" finished-at="2020-09-02T09:43:23 IST" duration-ms="2944" status="PASS">
          <params>
            <param index="0">
              <value>
                <![CDATA[One Way]]>
              </value>
            </param>
            <param index="1">
              <value>
                <![CDATA[Bangalore]]>
              </value>
            </param>
            <param index="2">
              <value>
                <![CDATA[Hyderabad]]>
              </value>
            </param>
            <param index="3">
              <value>
                <![CDATA[Sat Mar 20 00:00:00 IST 2021]]>
              </value>
            </param>
            <param index="4">
              <value>
                <![CDATA[Sat Mar 20 00:00:00 IST 2021]]>
              </value>
            </param>
            <param index="5">
              <value>
                <![CDATA[1.0]]>
              </value>
            </param>
            <param index="6">
              <value>
                <![CDATA[Economy]]>
              </value>
            </param>
          </params>
          <reporter-output>
          </reporter-output>
        </test-method> <!-- searchFlightTest -->
        <test-method is-config="true" signature="closeBrowser()[pri:0, instance:com.EaseMyTrip.test.FlightTest@66c61024]" started-at="2020-09-02T09:43:23 IST" name="closeBrowser" finished-at="2020-09-02T09:43:24 IST" duration-ms="704" status="PASS">
          <reporter-output>
          </reporter-output>
        </test-method> <!-- closeBrowser -->
      </class> <!-- com.EaseMyTrip.test.FlightTest -->
    </test> <!-- LogIn -->
  </suite> <!-- Suite -->
</testng-results>
