<?xml version="1.0" encoding="UTF-8"?>
<testsuite xmlns:xsi="http://www.w3.org/2001/XMLSchema-instance" xsi:noNamespaceSchemaLocation="https://maven.apache.org/surefire/maven-surefire-plugin/xsd/surefire-test-report-3.0.xsd" version="3.0" name="TestSuite" time="88.211" tests="1" errors="0" skipped="0" failures="0">
  <properties>
[...]
</properties>
  <testcase name="createAccount[resultsautomationtest@gmail.com, Amrita1959@](1)" classname="com.EaseMyTrip.test.AccountTest" time="72.236">
    <system-out><![CDATA[User Agent: Mozilla/4.0 (compatible; MSIE 5.05; Windows NT 4.0)
23:58:07.855 [main] INFO  com.EaseMyTrip.test.AccountTest - Driver is Initialized
23:58:17.781 [main] INFO  com.EaseMyTrip.test.AccountTest - Website opened successfully
23:58:20.306 [main] INFO  com.EaseMyTrip.test.AccountTest - Creating Account for Email id: resultsautomationtest@gmail.com
23:58:20.420 [main] INFO  com.EaseMyTrip.test.AccountTest - Covid Alert Dialog Box closed
23:58:21.093 [main] INFO  com.EaseMyTrip.test.AccountTest - My Account tray clicked successfully
23:58:22.631 [main] INFO  com.EaseMyTrip.test.AccountTest - Email Entered with email id: resultsautomationtest@gmail.com
List of OTPs retrived: [007245, 882505, 830221, 830899, 858128, 271109, 735495, 803594, 785532, 772551, 844381, 524483, 559307, 235468, 333460, 935322, 045499, 374478, 754543, 439022]
23:59:26.483 [main] INFO  com.EaseMyTrip.test.AccountTest - OTP successfully retrieved from mail: 439022
23:59:26.863 [main] INFO  com.EaseMyTrip.test.AccountTest - Password Entered with: Amrita1959@
23:59:29.566 [main] INFO  com.EaseMyTrip.test.AccountTest - Email Id and Password submitted successfully
23:59:30.544 [main] INFO  com.EaseMyTrip.test.AccountTest - Account Verified Successfully for email: resultsautomationtest@gmail.com
]]></system-out>
    <system-err><![CDATA[Aug 29, 2020 11:58:04 PM org.openqa.selenium.remote.DesiredCapabilities chrome
INFO: Using `new ChromeOptions()` is preferred to `DesiredCapabilities.chrome()`
Starting ChromeDriver 83.0.4103.39 (ccbf011cb2d2b19b506d844400483861342c20cd-refs/branch-heads/4103@{#416}) on port 44871
Only local connections are allowed.
Please see https://chromedriver.chromium.org/security-considerations for suggestions on keeping ChromeDriver safe.
ChromeDriver was started successfully.
[1598725685.754][WARNING]: This version of ChromeDriver has not been tested with Chrome version 84.
Aug 29, 2020 11:58:07 PM org.openqa.selenium.remote.ProtocolHandshake createSession
INFO: Detected dialect: W3C
]]></system-err>
  </testcase>
</testsuite>