<?xml version="1.0" encoding="UTF-8"?>
<testsuite xmlns:xsi="http://www.w3.org/2001/XMLSchema-instance" xsi:noNamespaceSchemaLocation="https://maven.apache.org/surefire/maven-surefire-plugin/xsd/surefire-test-report-3.0.xsd" version="3.0" name="TestSuite" time="92.295" tests="1" errors="0" skipped="0" failures="1">
  <properties>
[...]
</properties>
  <testcase name="createAccount[resultsautomationtest@gmail.com, Amrita1959@](1)" classname="com.EaseMyTrip.test.AccountTest" time="76.125">
    <failure type="java.lang.AssertionError"><![CDATA[java.lang.AssertionError
	at com.EaseMyTrip.test.AccountTest.createAccount(AccountTest.java:96)
]]></failure>
    <system-out><![CDATA[User Agent: Mozilla/5.0 (Windows; U; Windows NT 6.0; en-US) AppleWebKit/532.2 (KHTML, like Gecko) Chrome/4.0.222.12 Safari/532.2
12:56:48.911 [main] INFO  com.EaseMyTrip.test.AccountTest - Driver is Initialized
12:56:58.000 [main] INFO  com.EaseMyTrip.test.AccountTest - Website opened successfully
12:57:00.815 [main] INFO  com.EaseMyTrip.test.AccountTest - Creating Account for Email id: resultsautomationtest@gmail.com
12:57:00.899 [main] INFO  com.EaseMyTrip.test.AccountTest - Covid Alert Dialog Box closed
12:57:01.593 [main] INFO  com.EaseMyTrip.test.AccountTest - My Account tray clicked successfully
12:57:03.167 [main] INFO  com.EaseMyTrip.test.AccountTest - Email Entered with email id: resultsautomationtest@gmail.com
12:58:09.684 [main] INFO  com.EaseMyTrip.test.AccountTest - OTP successfully retrieved from mail: 143437
12:58:10.076 [main] INFO  com.EaseMyTrip.test.AccountTest - Password Entered with: Amrita1959@
12:58:13.167 [main] INFO  com.EaseMyTrip.test.AccountTest - Email Id and Password submitted successfully
12:58:14.229 [main] INFO  com.EaseMyTrip.test.AccountTest - Account Verified Successfully for email: resultsautomationtest@gmail.com
12:58:14.933 [main] ERROR com.EaseMyTrip.test.AccountTest - Log out failed for resultsautomationtest@gmail.com
]]></system-out>
    <system-err><![CDATA[Aug 30, 2020 12:56:44 PM org.openqa.selenium.remote.DesiredCapabilities chrome
INFO: Using `new ChromeOptions()` is preferred to `DesiredCapabilities.chrome()`
Starting ChromeDriver 83.0.4103.39 (ccbf011cb2d2b19b506d844400483861342c20cd-refs/branch-heads/4103@{#416}) on port 23261
Only local connections are allowed.
Please see https://chromedriver.chromium.org/security-considerations for suggestions on keeping ChromeDriver safe.
ChromeDriver was started successfully.
[1598772406.757][WARNING]: This version of ChromeDriver has not been tested with Chrome version 84.
Aug 30, 2020 12:56:48 PM org.openqa.selenium.remote.ProtocolHandshake createSession
INFO: Detected dialect: W3C
]]></system-err>
  </testcase>
</testsuite>